<?xml version="1.0" encoding="UTF-8"?>
<!-- Generated by org.testng.reporters.JUnitReportReporter -->
<testsuite ignored="0" hostname="DESKTOP-L21HB8Q" failures="0" tests="1" name="testing.Test_Selenium" time="2.016" errors="0" timestamp="21 jul 2024 07:22:01 GMT" skipped="0">
  <testcase classname="testing.Test_Selenium" name="f" time="2.016"/>
</testsuite> <!-- testing.Test_Selenium -->
